{'sport': 'football', 'competition': 'bundesliga'}
POUR LE MATCH : BayernMunichvEintrachtFrancfort
 @1.3/6.25/7.75 - winnamax/winnamax/netbet - le resultat du calcul est : -5.826302729528532
 @1.3/6.25/8.5 - winnamax/winnamax/pmu - le resultat du calcul est : -4.687782805429852
 -> Il faut aller sur le bookmaker winnamax et parier sur l'issue avec la côte 1.3 (Issue A), aller sur le bookmaker winnamax et parier sur l'issue avec la côte 6.25 (Issue B) et aller sur le bookmaker pmu et parier sur l'issue avec la côte 8.5 (Issue B)
 -> Gain garantie de -4.48% . Par exemple pour 1000 euros, il faut parier 734.7856154910097 sur l'issue A, 152.83540802213003 sur l'issue B et 112.37897648686031 sur l'issue C  :
 -> Issue A : tu gagneras 734.7856154910097*1.3 - 1000 = -44.7786998616873 
 -> Issue B : tu gagneras 152.83540802213003*6.25 - 1000 = -44.7786998616873 
 -> Issue C : tu gagneras 112.37897648686031*8.5 - 1000 = -44.778699861687414 
FOUND !!!
 @1.3/6.25/8.5 - winnamax/winnamax/pmu - le résultat du calcul est : -4.687782805429852
 @1.3/6.25/7.75 - winnamax/winnamax/zebet - le resultat du calcul est : -5.826302729528532
 @1.3/6.25/8.15 - winnamax/winnamax/betclic - le resultat du calcul est : -5.193015573383675
 @1.3/6.2/7.75 - winnamax/netbet/winnamax - le resultat du calcul est : -5.955334987593042
 @1.3/6.2/7.75 - winnamax/netbet/netbet - le resultat du calcul est : -5.955334987593042
 @1.3/6.2/8.5 - winnamax/netbet/pmu - le resultat du calcul est : -4.816815063494362
 -> Il faut aller sur le bookmaker winnamax et parier sur l'issue avec la côte 1.3 (Issue A), aller sur le bookmaker netbet et parier sur l'issue avec la côte 6.2 (Issue B) et aller sur le bookmaker pmu et parier sur l'issue avec la côte 8.5 (Issue B)
 -> Gain garantie de -4.60% . Par exemple pour 1000 euros, il faut parier 733.8810750591841 sur l'issue A, 153.87828993176439 sur l'issue B et 112.24063500905169 sur l'issue C  :
 -> Issue A : tu gagneras 733.8810750591841*1.3 - 1000 = -45.95460242306058 
 -> Issue B : tu gagneras 153.87828993176439*6.2 - 1000 = -45.954602423060805 
 -> Issue C : tu gagneras 112.24063500905169*8.5 - 1000 = -45.95460242306069 
FOUND !!!
 @1.3/6.2/8.5 - winnamax/netbet/pmu - le résultat du calcul est : -4.816815063494362
 @1.3/6.2/7.75 - winnamax/netbet/zebet - le resultat du calcul est : -5.955334987593042
 @1.3/6.2/8.15 - winnamax/netbet/betclic - le resultat du calcul est : -5.3220478314481845
 @1.3/5.9/7.75 - winnamax/pmu/winnamax - le resultat du calcul est : -6.775455271901398
 @1.3/5.9/7.75 - winnamax/pmu/netbet - le resultat du calcul est : -6.775455271901398
 @1.3/5.9/8.5 - winnamax/pmu/pmu - le resultat du calcul est : -5.636935347802741
 @1.3/5.9/7.75 - winnamax/pmu/zebet - le resultat du calcul est : -6.775455271901398
 @1.3/5.9/8.15 - winnamax/pmu/betclic - le resultat du calcul est : -6.142168115756541
 @1.3/6.0/7.75 - winnamax/zebet/winnamax - le resultat du calcul est : -6.492969396195192
 @1.3/6.0/7.75 - winnamax/zebet/netbet - le resultat du calcul est : -6.492969396195192
 @1.3/6.0/8.5 - winnamax/zebet/pmu - le resultat du calcul est : -5.354449472096512
 @1.3/6.0/7.75 - winnamax/zebet/zebet - le resultat du calcul est : -6.492969396195192
 @1.3/6.0/8.15 - winnamax/zebet/betclic - le resultat du calcul est : -5.859682240050335
 @1.3/6.45/7.75 - winnamax/betclic/winnamax - le resultat du calcul est : -5.330178698520793
 @1.3/6.45/7.75 - winnamax/betclic/netbet - le resultat du calcul est : -5.330178698520793
 @1.3/6.45/8.5 - winnamax/betclic/pmu - le resultat du calcul est : -4.191658774422113
 -> Il faut aller sur le bookmaker winnamax et parier sur l'issue avec la côte 1.3 (Issue A), aller sur le bookmaker betclic et parier sur l'issue avec la côte 6.45 (Issue B) et aller sur le bookmaker pmu et parier sur l'issue avec la côte 8.5 (Issue B)
 -> Gain garantie de -4.02% . Par exemple pour 1000 euros, il faut parier 738.2844061405871 sur l'issue A, 148.8015082143819 sur l'issue B et 112.91408564503097 sur l'issue C  :
 -> Issue A : tu gagneras 738.2844061405871*1.3 - 1000 = -40.23027201723676 
 -> Issue B : tu gagneras 148.8015082143819*6.45 - 1000 = -40.23027201723676 
 -> Issue C : tu gagneras 112.91408564503097*8.5 - 1000 = -40.23027201723676 
FOUND !!!
 @1.3/6.45/8.5 - winnamax/betclic/pmu - le résultat du calcul est : -4.191658774422113
 @1.3/6.45/7.75 - winnamax/betclic/zebet - le resultat du calcul est : -5.330178698520793
 @1.3/6.45/8.15 - winnamax/betclic/betclic - le resultat du calcul est : -4.696891542375914
 -> Il faut aller sur le bookmaker winnamax et parier sur l'issue avec la côte 1.3 (Issue A), aller sur le bookmaker betclic et parier sur l'issue avec la côte 6.45 (Issue B) et aller sur le bookmaker betclic et parier sur l'issue avec la côte 8.15 (Issue B)
 -> Gain garantie de -4.49% . Par exemple pour 1000 euros, il faut parier 734.7216883888326 sur l'issue A, 148.08344107061743 sur l'issue B et 117.19487054054999 sur l'issue C  :
 -> Issue A : tu gagneras 734.7216883888326*1.3 - 1000 = -44.861805094517536 
 -> Issue B : tu gagneras 148.08344107061743*6.45 - 1000 = -44.861805094517536 
 -> Issue C : tu gagneras 117.19487054054999*8.15 - 1000 = -44.861805094517536 
FOUND !!!
 @1.3/6.45/8.15 - winnamax/betclic/betclic - le résultat du calcul est : -4.696891542375914
 @1.3/6.25/7.75 - netbet/winnamax/winnamax - le resultat du calcul est : -5.826302729528532
 @1.3/6.25/7.75 - netbet/winnamax/netbet - le resultat du calcul est : -5.826302729528532
 @1.3/6.25/8.5 - netbet/winnamax/pmu - le resultat du calcul est : -4.687782805429852
 -> Il faut aller sur le bookmaker netbet et parier sur l'issue avec la côte 1.3 (Issue A), aller sur le bookmaker winnamax et parier sur l'issue avec la côte 6.25 (Issue B) et aller sur le bookmaker pmu et parier sur l'issue avec la côte 8.5 (Issue B)
 -> Gain garantie de -4.48% . Par exemple pour 1000 euros, il faut parier 734.7856154910097 sur l'issue A, 152.83540802213003 sur l'issue B et 112.37897648686031 sur l'issue C  :
 -> Issue A : tu gagneras 734.7856154910097*1.3 - 1000 = -44.7786998616873 
 -> Issue B : tu gagneras 152.83540802213003*6.25 - 1000 = -44.7786998616873 
 -> Issue C : tu gagneras 112.37897648686031*8.5 - 1000 = -44.778699861687414 
FOUND !!!
 @1.3/6.25/8.5 - netbet/winnamax/pmu - le résultat du calcul est : -4.687782805429852
 @1.3/6.25/7.75 - netbet/winnamax/zebet - le resultat du calcul est : -5.826302729528532
 @1.3/6.25/8.15 - netbet/winnamax/betclic - le resultat du calcul est : -5.193015573383675
 @1.3/6.2/7.75 - netbet/netbet/winnamax - le resultat du calcul est : -5.955334987593042
 @1.3/6.2/8.5 - netbet/netbet/pmu - le resultat du calcul est : -4.816815063494362
 -> Il faut aller sur le bookmaker netbet et parier sur l'issue avec la côte 1.3 (Issue A), aller sur le bookmaker netbet et parier sur l'issue avec la côte 6.2 (Issue B) et aller sur le bookmaker pmu et parier sur l'issue avec la côte 8.5 (Issue B)
 -> Gain garantie de -4.60% . Par exemple pour 1000 euros, il faut parier 733.8810750591841 sur l'issue A, 153.87828993176439 sur l'issue B et 112.24063500905169 sur l'issue C  :
 -> Issue A : tu gagneras 733.8810750591841*1.3 - 1000 = -45.95460242306058 
 -> Issue B : tu gagneras 153.87828993176439*6.2 - 1000 = -45.954602423060805 
 -> Issue C : tu gagneras 112.24063500905169*8.5 - 1000 = -45.95460242306069 
FOUND !!!
 @1.3/6.2/8.5 - netbet/netbet/pmu - le résultat du calcul est : -4.816815063494362
 @1.3/6.2/7.75 - netbet/netbet/zebet - le resultat du calcul est : -5.955334987593042
 @1.3/6.2/8.15 - netbet/netbet/betclic - le resultat du calcul est : -5.3220478314481845
 @1.3/5.9/7.75 - netbet/pmu/winnamax - le resultat du calcul est : -6.775455271901398
 @1.3/5.9/7.75 - netbet/pmu/netbet - le resultat du calcul est : -6.775455271901398
 @1.3/5.9/8.5 - netbet/pmu/pmu - le resultat du calcul est : -5.636935347802741
 @1.3/5.9/7.75 - netbet/pmu/zebet - le resultat du calcul est : -6.775455271901398
 @1.3/5.9/8.15 - netbet/pmu/betclic - le resultat du calcul est : -6.142168115756541
 @1.3/6.0/7.75 - netbet/zebet/winnamax - le resultat du calcul est : -6.492969396195192
 @1.3/6.0/7.75 - netbet/zebet/netbet - le resultat du calcul est : -6.492969396195192
 @1.3/6.0/8.5 - netbet/zebet/pmu - le resultat du calcul est : -5.354449472096512
 @1.3/6.0/7.75 - netbet/zebet/zebet - le resultat du calcul est : -6.492969396195192
 @1.3/6.0/8.15 - netbet/zebet/betclic - le resultat du calcul est : -5.859682240050335
 @1.3/6.45/7.75 - netbet/betclic/winnamax - le resultat du calcul est : -5.330178698520793
 @1.3/6.45/7.75 - netbet/betclic/netbet - le resultat du calcul est : -5.330178698520793
 @1.3/6.45/8.5 - netbet/betclic/pmu - le resultat du calcul est : -4.191658774422113
 -> Il faut aller sur le bookmaker netbet et parier sur l'issue avec la côte 1.3 (Issue A), aller sur le bookmaker betclic et parier sur l'issue avec la côte 6.45 (Issue B) et aller sur le bookmaker pmu et parier sur l'issue avec la côte 8.5 (Issue B)
 -> Gain garantie de -4.02% . Par exemple pour 1000 euros, il faut parier 738.2844061405871 sur l'issue A, 148.8015082143819 sur l'issue B et 112.91408564503097 sur l'issue C  :
 -> Issue A : tu gagneras 738.2844061405871*1.3 - 1000 = -40.23027201723676 
 -> Issue B : tu gagneras 148.8015082143819*6.45 - 1000 = -40.23027201723676 
 -> Issue C : tu gagneras 112.91408564503097*8.5 - 1000 = -40.23027201723676 
FOUND !!!
 @1.3/6.45/8.5 - netbet/betclic/pmu - le résultat du calcul est : -4.191658774422113
 @1.3/6.45/7.75 - netbet/betclic/zebet - le resultat du calcul est : -5.330178698520793
 @1.3/6.45/8.15 - netbet/betclic/betclic - le resultat du calcul est : -4.696891542375914
 -> Il faut aller sur le bookmaker netbet et parier sur l'issue avec la côte 1.3 (Issue A), aller sur le bookmaker betclic et parier sur l'issue avec la côte 6.45 (Issue B) et aller sur le bookmaker betclic et parier sur l'issue avec la côte 8.15 (Issue B)
 -> Gain garantie de -4.49% . Par exemple pour 1000 euros, il faut parier 734.7216883888326 sur l'issue A, 148.08344107061743 sur l'issue B et 117.19487054054999 sur l'issue C  :
 -> Issue A : tu gagneras 734.7216883888326*1.3 - 1000 = -44.861805094517536 
 -> Issue B : tu gagneras 148.08344107061743*6.45 - 1000 = -44.861805094517536 
 -> Issue C : tu gagneras 117.19487054054999*8.15 - 1000 = -44.861805094517536 
FOUND !!!
 @1.3/6.45/8.15 - netbet/betclic/betclic - le résultat du calcul est : -4.696891542375914
 @1.26/6.25/7.75 - pmu/winnamax/winnamax - le resultat du calcul est : -8.268305171530965
 @1.26/6.25/7.75 - pmu/winnamax/netbet - le resultat du calcul est : -8.268305171530965
 @1.26/6.25/8.5 - pmu/winnamax/pmu - le resultat du calcul est : -7.129785247432308
 @1.26/6.25/7.75 - pmu/winnamax/zebet - le resultat du calcul est : -8.268305171530965
 @1.26/6.25/8.15 - pmu/winnamax/betclic - le resultat du calcul est : -7.635018015386108
 @1.26/6.2/7.75 - pmu/netbet/winnamax - le resultat du calcul est : -8.397337429595497
 @1.26/6.2/7.75 - pmu/netbet/netbet - le resultat du calcul est : -8.397337429595497
 @1.26/6.2/8.5 - pmu/netbet/pmu - le resultat du calcul est : -7.258817505496817
 @1.26/6.2/7.75 - pmu/netbet/zebet - le resultat du calcul est : -8.397337429595497
 @1.26/6.2/8.15 - pmu/netbet/betclic - le resultat du calcul est : -7.764050273450618
 @1.26/5.9/7.75 - pmu/pmu/winnamax - le resultat du calcul est : -9.217457713903855
 @1.26/5.9/7.75 - pmu/pmu/netbet - le resultat du calcul est : -9.217457713903855
 @1.26/5.9/7.75 - pmu/pmu/zebet - le resultat du calcul est : -9.217457713903855
 @1.26/5.9/8.15 - pmu/pmu/betclic - le resultat du calcul est : -8.584170557758997
 @1.26/6.0/7.75 - pmu/zebet/winnamax - le resultat du calcul est : -8.934971838197647
 @1.26/6.0/7.75 - pmu/zebet/netbet - le resultat du calcul est : -8.934971838197647
 @1.26/6.0/8.5 - pmu/zebet/pmu - le resultat du calcul est : -7.796451914098967
 @1.26/6.0/7.75 - pmu/zebet/zebet - le resultat du calcul est : -8.934971838197647
 @1.26/6.0/8.15 - pmu/zebet/betclic - le resultat du calcul est : -8.301684682052768
 @1.26/6.45/7.75 - pmu/betclic/winnamax - le resultat du calcul est : -7.772181140523227
 @1.26/6.45/7.75 - pmu/betclic/netbet - le resultat du calcul est : -7.772181140523227
 @1.26/6.45/8.5 - pmu/betclic/pmu - le resultat du calcul est : -6.633661216424547
 @1.26/6.45/7.75 - pmu/betclic/zebet - le resultat du calcul est : -7.772181140523227
 @1.26/6.45/8.15 - pmu/betclic/betclic - le resultat du calcul est : -7.138893984378347
 @1.27/6.25/7.75 - zebet/winnamax/winnamax - le resultat du calcul est : -7.64338328676657
 @1.27/6.25/7.75 - zebet/winnamax/netbet - le resultat du calcul est : -7.64338328676657
 @1.27/6.25/8.5 - zebet/winnamax/pmu - le resultat du calcul est : -6.50486336266789
 @1.27/6.25/7.75 - zebet/winnamax/zebet - le resultat du calcul est : -7.64338328676657
 @1.27/6.25/8.15 - zebet/winnamax/betclic - le resultat du calcul est : -7.010096130621712
 @1.27/6.2/7.75 - zebet/netbet/winnamax - le resultat du calcul est : -7.772415544831079
 @1.27/6.2/7.75 - zebet/netbet/netbet - le resultat du calcul est : -7.772415544831079
 @1.27/6.2/8.5 - zebet/netbet/pmu - le resultat du calcul est : -6.6338956207324
 @1.27/6.2/7.75 - zebet/netbet/zebet - le resultat du calcul est : -7.772415544831079
 @1.27/6.2/8.15 - zebet/netbet/betclic - le resultat du calcul est : -7.139128388686222
 @1.27/5.9/7.75 - zebet/pmu/winnamax - le resultat du calcul est : -8.592535829139436
 @1.27/5.9/7.75 - zebet/pmu/netbet - le resultat du calcul est : -8.592535829139436
 @1.27/5.9/8.5 - zebet/pmu/pmu - le resultat du calcul est : -7.454015905040778
 @1.27/5.9/7.75 - zebet/pmu/zebet - le resultat du calcul est : -8.592535829139436
 @1.27/5.9/8.15 - zebet/pmu/betclic - le resultat du calcul est : -7.959248672994579
 @1.27/6.0/7.75 - zebet/zebet/winnamax - le resultat du calcul est : -8.310049953433229
 @1.27/6.0/7.75 - zebet/zebet/netbet - le resultat du calcul est : -8.310049953433229
 @1.27/6.0/8.5 - zebet/zebet/pmu - le resultat du calcul est : -7.17153002933455
 @1.27/6.0/8.15 - zebet/zebet/betclic - le resultat du calcul est : -7.676762797288372
 @1.27/6.45/7.75 - zebet/betclic/winnamax - le resultat du calcul est : -7.147259255758831
 @1.27/6.45/7.75 - zebet/betclic/netbet - le resultat du calcul est : -7.147259255758831
 @1.27/6.45/8.5 - zebet/betclic/pmu - le resultat du calcul est : -6.008739331660151
 @1.27/6.45/7.75 - zebet/betclic/zebet - le resultat du calcul est : -7.147259255758831
 @1.27/6.45/8.15 - zebet/betclic/betclic - le resultat du calcul est : -6.513972099613952
 @1.28/6.25/7.75 - betclic/winnamax/winnamax - le resultat du calcul est : -7.028225806451616
 @1.28/6.25/7.75 - betclic/winnamax/netbet - le resultat du calcul est : -7.028225806451616
 @1.28/6.25/8.5 - betclic/winnamax/pmu - le resultat du calcul est : -5.889705882352936
 @1.28/6.25/7.75 - betclic/winnamax/zebet - le resultat du calcul est : -7.028225806451616
 @1.28/6.25/8.15 - betclic/winnamax/betclic - le resultat du calcul est : -6.3949386503067585
 @1.28/6.2/7.75 - betclic/netbet/winnamax - le resultat du calcul est : -7.1572580645161255
 @1.28/6.2/7.75 - betclic/netbet/netbet - le resultat du calcul est : -7.1572580645161255
 @1.28/6.2/8.5 - betclic/netbet/pmu - le resultat du calcul est : -6.018738140417446
 @1.28/6.2/7.75 - betclic/netbet/zebet - le resultat du calcul est : -7.1572580645161255
 @1.28/6.2/8.15 - betclic/netbet/betclic - le resultat du calcul est : -6.523970908371268
 @1.28/5.9/7.75 - betclic/pmu/winnamax - le resultat du calcul est : -7.977378348824482
 @1.28/5.9/7.75 - betclic/pmu/netbet - le resultat du calcul est : -7.977378348824482
 @1.28/5.9/8.5 - betclic/pmu/pmu - le resultat du calcul est : -6.838858424725824
 @1.28/5.9/7.75 - betclic/pmu/zebet - le resultat du calcul est : -7.977378348824482
 @1.28/5.9/8.15 - betclic/pmu/betclic - le resultat du calcul est : -7.344091192679625
 @1.28/6.0/7.75 - betclic/zebet/winnamax - le resultat du calcul est : -7.6948924731182755
 @1.28/6.0/7.75 - betclic/zebet/netbet - le resultat du calcul est : -7.6948924731182755
 @1.28/6.0/8.5 - betclic/zebet/pmu - le resultat du calcul est : -6.556372549019596
 @1.28/6.0/7.75 - betclic/zebet/zebet - le resultat du calcul est : -7.6948924731182755
 @1.28/6.0/8.15 - betclic/zebet/betclic - le resultat du calcul est : -7.061605316973418
 @1.28/6.45/7.75 - betclic/betclic/winnamax - le resultat du calcul est : -6.532101775443877
 @1.28/6.45/7.75 - betclic/betclic/netbet - le resultat du calcul est : -6.532101775443877
 @1.28/6.45/8.5 - betclic/betclic/pmu - le resultat du calcul est : -5.393581851345197
 @1.28/6.45/7.75 - betclic/betclic/zebet - le resultat du calcul est : -6.532101775443877
POUR LE MATCH : RBLeipzigvVfBStuttgart
 @1.44/4.7/6.75 - winnamax/winnamax/netbet - le resultat du calcul est : -5.5358550039401155
 @1.44/4.7/6.75 - winnamax/winnamax/pmu - le resultat du calcul est : -5.5358550039401155
 @1.44/4.7/6.5 - winnamax/winnamax/zebet - le resultat du calcul est : -6.105655573740676
 @1.44/4.7/6.7 - winnamax/winnamax/betclic - le resultat du calcul est : -5.646413323453636
 @1.44/4.7/6.5 - winnamax/netbet/winnamax - le resultat du calcul est : -6.105655573740676
 @1.44/4.7/6.75 - winnamax/netbet/netbet - le resultat du calcul est : -5.5358550039401155
 @1.44/4.7/6.75 - winnamax/netbet/pmu - le resultat du calcul est : -5.5358550039401155
 @1.44/4.7/6.5 - winnamax/netbet/zebet - le resultat du calcul est : -6.105655573740676
 @1.44/4.7/6.7 - winnamax/netbet/betclic - le resultat du calcul est : -5.646413323453636
 @1.44/4.4/6.5 - winnamax/pmu/winnamax - le resultat du calcul est : -7.556332556332546
 @1.44/4.4/6.75 - winnamax/pmu/netbet - le resultat du calcul est : -6.986531986531985
 @1.44/4.4/6.75 - winnamax/pmu/pmu - le resultat du calcul est : -6.986531986531985
 @1.44/4.4/6.5 - winnamax/pmu/zebet - le resultat du calcul est : -7.556332556332546
 @1.44/4.4/6.7 - winnamax/pmu/betclic - le resultat du calcul est : -7.097090306045528
 @1.44/4.7/6.5 - winnamax/zebet/winnamax - le resultat du calcul est : -6.105655573740676
 @1.44/4.7/6.75 - winnamax/zebet/netbet - le resultat du calcul est : -5.5358550039401155
 @1.44/4.7/6.75 - winnamax/zebet/pmu - le resultat du calcul est : -5.5358550039401155
 @1.44/4.7/6.5 - winnamax/zebet/zebet - le resultat du calcul est : -6.105655573740676
 @1.44/4.7/6.7 - winnamax/zebet/betclic - le resultat du calcul est : -5.646413323453636
 @1.44/4.85/6.5 - winnamax/betclic/winnamax - le resultat du calcul est : -5.44761653009076
 @1.44/4.85/6.75 - winnamax/betclic/netbet - le resultat du calcul est : -4.877815960290199
 -> Il faut aller sur le bookmaker winnamax et parier sur l'issue avec la côte 1.44 (Issue A), aller sur le bookmaker betclic et parier sur l'issue avec la côte 4.85 (Issue B) et aller sur le bookmaker netbet et parier sur l'issue avec la côte 6.75 (Issue B)
 -> Gain garantie de -4.65% . Par exemple pour 1000 euros, il faut parier 662.1461727496131 sur l'issue A, 196.59597706380265 sur l'issue B et 141.25785018658414 sur l'issue C  :
 -> Issue A : tu gagneras 662.1461727496131*1.44 - 1000 = -46.50951124055712 
 -> Issue B : tu gagneras 196.59597706380265*4.85 - 1000 = -46.50951124055723 
 -> Issue C : tu gagneras 141.25785018658414*6.75 - 1000 = -46.50951124055712 
FOUND !!!
 @1.44/4.85/6.75 - winnamax/betclic/netbet - le résultat du calcul est : -4.877815960290199
 @1.44/4.85/6.75 - winnamax/betclic/pmu - le resultat du calcul est : -4.877815960290199
